#
# A fatal error has been detected by the Java Runtime Environment:
#
#  Internal Error (classFileParser.cpp:3470), pid=3020, tid=4752
#  Error: ShouldNotReachHere()
#
# JRE version: 7.0-b147
# Java VM: Java HotSpot(TM) Client VM (21.0-b17 mixed mode windows-x86 )
# Failed to write core dump. Minidumps are not enabled by default on client versions of Windows
#
# If you would like to submit a bug report, please visit:
#   http://bugreport.sun.com/bugreport/crash.jsp
#

---------------  T H R E A D  ---------------

Current thread (0x011d9c00):  JavaThread "Unknown thread" [_thread_in_vm, id=4752, stack(0x01330000,0x01380000)]

Stack: [0x01330000,0x01380000],  sp=0x0137f250,  free space=316k
Native frames: (J=compiled Java code, j=interpreted, Vv=VM code, C=native code)
V  [jvm.dll+0x1630e1]
V  [jvm.dll+0x15dcfb]
V  [jvm.dll+0x18e37]
V  [jvm.dll+0x1a6a8]
V  [jvm.dll+0x2a42f]
V  [jvm.dll+0x2b818]
V  [jvm.dll+0x2bedb]
V  [jvm.dll+0x2bf2a]
V  [jvm.dll+0x2c07d]
V  [jvm.dll+0x2c15a]
V  [jvm.dll+0x2c3d7]
V  [jvm.dll+0x73cb1]
V  [jvm.dll+0x7406b]
V  [jvm.dll+0x121a7c]
V  [jvm.dll+0x14382a]
V  [jvm.dll+0xa2940]
C  [javaw.exe+0x1359]
C  [javaw.exe+0x1dc9]
C  [javaw.exe+0xa0cb]
C  [javaw.exe+0xa155]
C  [kernel32.dll+0x4ed5c]  BaseThreadInitThunk+0x12
C  [ntdll.dll+0x637eb]  RtlInitializeExceptionChain+0xef
C  [ntdll.dll+0x637be]  RtlInitializeExceptionChain+0xc2


---------------  P R O C E S S  ---------------

Java Threads: ( => current thread )

Other Threads:

=>0x011d9c00 (exited) JavaThread "Unknown thread" [_thread_in_vm, id=4752, stack(0x01330000,0x01380000)]

VM state:not at safepoint (not fully initialized)

VM Mutex/Monitor currently owned by a thread: None

Dynamic libraries:
0x01390000 - 0x013bf000 	D:\java\jre7\bin\javaw.exe
0x77770000 - 0x778ac000 	C:\Windows\SYSTEM32\ntdll.dll
0x77370000 - 0x77444000 	C:\Windows\system32\kernel32.dll
0x756f0000 - 0x7573b000 	C:\Windows\system32\KERNELBASE.dll
0x772d0000 - 0x77370000 	C:\Windows\system32\ADVAPI32.dll
0x77580000 - 0x7762c000 	C:\Windows\system32\msvcrt.dll
0x75df0000 - 0x75e09000 	C:\Windows\SYSTEM32\sechost.dll
0x77200000 - 0x772a2000 	C:\Windows\system32\RPCRT4.dll
0x76290000 - 0x76359000 	C:\Windows\system32\USER32.dll
0x75da0000 - 0x75dee000 	C:\Windows\system32\GDI32.dll
0x75d80000 - 0x75d8a000 	C:\Windows\system32\LPK.dll
0x75ce0000 - 0x75d7d000 	C:\Windows\system32\USP10.dll
0x74110000 - 0x742ae000 	C:\Windows\WinSxS\x86_microsoft.windows.common-controls_6595b64144ccf1df_6.0.7601.17514_none_41e6975e2bd6f2b2\COMCTL32.dll
0x760c0000 - 0x76117000 	C:\Windows\system32\SHLWAPI.dll
0x772b0000 - 0x772cf000 	C:\Windows\system32\IMM32.DLL
0x77130000 - 0x771fc000 	C:\Windows\system32\MSCTF.dll
0x64940000 - 0x649fe000 	D:\java\jre7\bin\msvcr100.dll
0x5aa00000 - 0x5ad21000 	D:\java\jre7\bin\client\jvm.dll
0x70df0000 - 0x70df7000 	C:\Windows\system32\WSOCK32.dll
0x75ad0000 - 0x75b05000 	C:\Windows\system32\WS2_32.dll
0x76120000 - 0x76126000 	C:\Windows\system32\NSI.dll
0x75600000 - 0x75632000 	C:\Windows\system32\WINMM.dll
0x770a0000 - 0x770a5000 	C:\Windows\system32\PSAPI.DLL
0x69920000 - 0x6992c000 	D:\java\jre7\bin\verify.dll
0x698d0000 - 0x698f0000 	D:\java\jre7\bin\java.dll
0x69770000 - 0x69783000 	D:\java\jre7\bin\zip.dll

VM Arguments:
jvm_args: -Dfile.encoding=GBK -Xbootclasspath:D:\Android\android-sdk-windows\platforms\android-17\android.jar 
java_command: com.young.client.WeatherClient
Launcher Type: SUN_STANDARD

Environment Variables:
JAVA_HOME=D:\java\jdk7.0
CLASSPATH=D:\java\jdk7.0\lib;D:\java\jdk7.0\lib\tools.jar;D:\java\jdk7.0\lib\jfreechart-1.0.14.jar;D:\java\jdk7.0\lib\jcommon-1.0.17.jar;D:\java\jdk7.0\lib\gnujaxp.jar
PATH=D:/java/jdk7.0/bin/../jre/bin/client;D:/java/jdk7.0/bin/../jre/bin;D:/java/jdk7.0/bin/../jre/lib/i386;D:\app\Shauna\product\11.2.0\dbhome_1\bin;D:\java\jdk7.0\bin;JAVA_HOME\jre\bin;D:\Python27;D:\Python27\Lib\site-packages\django;C:\Windows\system32;C:\Windows;C:\Windows\System32\Wbem;C:\Windows\System32\WindowsPowerShell\v1.0\;C:\Program Files\Common Files\Ulead Systems\MPEG;D:\Android\android-sdk-windows\platform-tools;;E:\Eclipse\eclipse;
USERNAME=Shauna
OS=Windows_NT
PROCESSOR_IDENTIFIER=x86 Family 6 Model 23 Stepping 10, GenuineIntel



---------------  S Y S T E M  ---------------

OS: Windows 7 Build 7601 Service Pack 1

CPU:total 2 (2 cores per cpu, 1 threads per core) family 6 model 23 stepping 10, cmov, cx8, fxsr, mmx, sse, sse2, sse3, ssse3

Memory: 4k page, physical 2096472k(350332k free), swap 4192944k(1200424k free)

vm_info: Java HotSpot(TM) Client VM (21.0-b17) for windows-x86 JRE (1.7.0-b147), built on Jun 27 2011 02:25:52 by "java_re" with unknown MS VC++:1600

time: Wed Mar 12 21:53:58 2014
elapsed time: 0 seconds

